Build started 12.01.2025 17:32:10.
Logging verbosity is set to: Normal.     1>Project "C:\Users\PC\Documents\Robot\Robot\Robot.vcxproj" on node 2 (Build target(s)).
     1>PrepareForBuild:
         Structured output is enabled. The formatting of compiler diagnostics will reflect the error hierarchy. See https://aka.ms/cpp/structured-output for more details.
       InitializeBuildStatus:
         Creating "x64\Debug\Robot.tlog\unsuccessfulbuild" because "AlwaysCreate" was specified.
         Touching "x64\Debug\Robot.tlog\unsuccessfulbuild".
       ClCompile:
         C:\Program Files\Microsoft Visual Studio\2022\Community\VC\Tools\MSVC\14.41.34120\bin\HostX64\x64\CL.exe /c /ZI /JMC /nologo /W3 /WX- /diagnostics:column /sdl /Od /D _DEBUG /D _CONSOLE /D _UNICODE /D UNICODE /Gm- /EHsc /RTC1 /MDd /GS /fp:precise /Zc:wchar_t /Zc:forScope /Zc:inline /permissive- /Fo"x64\Debug\\" /Fd"x64\Debug\vc143.pdb" /external:W3 /Gd /TC /FC /errorReport:prompt robo.c
         robo.c
     1>C:\Users\PC\Documents\Robot\Robot\robo.c(95,26): warning C4477: 'fscanf' : format string '%c' requires an argument of type 'char *', but variadic argument 1 has type 'int *'
       Link:
         C:\Program Files\Microsoft Visual Studio\2022\Community\VC\Tools\MSVC\14.41.34120\bin\HostX64\x64\link.exe /ERRORREPORT:PROMPT /OUT:"C:\Users\PC\Documents\Robot\x64\Debug\Robot.exe" /INCREMENTAL /ILK:"x64\Debug\Robot.ilk" /NOLOGO kernel32.lib user32.lib gdi32.lib winspool.lib comdlg32.lib advapi32.lib shell32.lib ole32.lib oleaut32.lib uuid.lib odbc32.lib odbccp32.lib /MANIFEST /MANIFESTUAC:"level='asInvoker' uiAccess='false'" /manifest:embed /DEBUG /PDB:"C:\Users\PC\Documents\Robot\x64\Debug\Robot.pdb" /SUBSYSTEM:CONSOLE /TLBID:1 /DYNAMICBASE /NXCOMPAT /IMPLIB:"C:\Users\PC\Documents\Robot\x64\Debug\Robot.lib" /MACHINE:X64 x64\Debug\robo.obj
         Robot.vcxproj -> C:\Users\PC\Documents\Robot\x64\Debug\Robot.exe
       FinalizeBuildStatus:
         Deleting file "x64\Debug\Robot.tlog\unsuccessfulbuild".
         Touching "x64\Debug\Robot.tlog\Robot.lastbuildstate".
     1>Done Building Project "C:\Users\PC\Documents\Robot\Robot\Robot.vcxproj" (Build target(s)).

Build succeeded.

       "C:\Users\PC\Documents\Robot\Robot\Robot.vcxproj" (Build target) (1) ->
       (ClCompile target) -> 
         C:\Users\PC\Documents\Robot\Robot\robo.c(95,26): warning C4477: 'fscanf' : format string '%c' requires an argument of type 'char *', but variadic argument 1 has type 'int *'

    1 Warning(s)
    0 Error(s)

Time Elapsed 00:00:00.56
