Build started 16.01.2025 14:42:46.
Logging verbosity is set to: Normal.     1>Project "C:\Users\PC\Documents\Liste\multiliste\multiliste\multiliste.vcxproj" on node 2 (Build target(s)).
     1>PrepareForBuild:
         Structured output is enabled. The formatting of compiler diagnostics will reflect the error hierarchy. See https://aka.ms/cpp/structured-output for more details.
       InitializeBuildStatus:
         Touching "x64\Debug\multiliste.tlog\unsuccessfulbuild".
       ClCompile:
         C:\Program Files\Microsoft Visual Studio\2022\Community\VC\Tools\MSVC\14.41.34120\bin\HostX64\x64\CL.exe /c /ZI /JMC /nologo /W3 /WX- /diagnostics:column /sdl /Od /D _DEBUG /D _CONSOLE /D _UNICODE /D UNICODE /Gm- /EHsc /RTC1 /MDd /GS /fp:precise /Zc:wchar_t /Zc:forScope /Zc:inline /permissive- /Fo"x64\Debug\\" /Fd"x64\Debug\vc143.pdb" /external:W3 /Gd /TC /FC /errorReport:prompt Source.c
         Source.c
     1>C:\Users\PC\Documents\Liste\multiliste\multiliste\Source.c(107,5): warning C4133: '=': incompatible types - from 'nod *' to 'Lista *'
     1>C:\Users\PC\Documents\Liste\multiliste\multiliste\Source.c(104,8): warning C4133: 'initializing': incompatible types - from 'Lista *' to 'nod *'
       Link:
         C:\Program Files\Microsoft Visual Studio\2022\Community\VC\Tools\MSVC\14.41.34120\bin\HostX64\x64\link.exe /ERRORREPORT:PROMPT /OUT:"C:\Users\PC\Documents\Liste\multiliste\x64\Debug\multiliste.exe" /INCREMENTAL /ILK:"x64\Debug\multiliste.ilk" /NOLOGO kernel32.lib user32.lib gdi32.lib winspool.lib comdlg32.lib advapi32.lib shell32.lib ole32.lib oleaut32.lib uuid.lib odbc32.lib odbccp32.lib /MANIFEST /MANIFESTUAC:"level='asInvoker' uiAccess='false'" /manifest:embed /DEBUG /PDB:"C:\Users\PC\Documents\Liste\multiliste\x64\Debug\multiliste.pdb" /SUBSYSTEM:CONSOLE /TLBID:1 /DYNAMICBASE /NXCOMPAT /IMPLIB:"C:\Users\PC\Documents\Liste\multiliste\x64\Debug\multiliste.lib" /MACHINE:X64 x64\Debug\Source.obj
         multiliste.vcxproj -> C:\Users\PC\Documents\Liste\multiliste\x64\Debug\multiliste.exe
       FinalizeBuildStatus:
         Deleting file "x64\Debug\multiliste.tlog\unsuccessfulbuild".
         Touching "x64\Debug\multiliste.tlog\multiliste.lastbuildstate".
     1>Done Building Project "C:\Users\PC\Documents\Liste\multiliste\multiliste\multiliste.vcxproj" (Build target(s)).

Build succeeded.

       "C:\Users\PC\Documents\Liste\multiliste\multiliste\multiliste.vcxproj" (Build target) (1) ->
       (ClCompile target) -> 
         C:\Users\PC\Documents\Liste\multiliste\multiliste\Source.c(107,5): warning C4133: '=': incompatible types - from 'nod *' to 'Lista *'
         C:\Users\PC\Documents\Liste\multiliste\multiliste\Source.c(104,8): warning C4133: 'initializing': incompatible types - from 'Lista *' to 'nod *'

    2 Warning(s)
    0 Error(s)

Time Elapsed 00:00:01.13
