Build started 16.01.2025 16:55:32.
Logging verbosity is set to: Normal.     1>Project "C:\Users\PC\Documents\mosteniri SDA\pb5mosteniri_magazin\pb5mosteniri_magazin\pb5mosteniri_magazin.vcxproj" on node 2 (Build target(s)).
     1>PrepareForBuild:
         Structured output is enabled. The formatting of compiler diagnostics will reflect the error hierarchy. See https://aka.ms/cpp/structured-output for more details.
       InitializeBuildStatus:
         Creating "x64\Debug\pb5moste.925620d9.tlog\unsuccessfulbuild" because "AlwaysCreate" was specified.
         Touching "x64\Debug\pb5moste.925620d9.tlog\unsuccessfulbuild".
       ClCompile:
         C:\Program Files\Microsoft Visual Studio\2022\Community\VC\Tools\MSVC\14.41.34120\bin\HostX64\x64\CL.exe /c /ZI /JMC /nologo /W3 /WX- /diagnostics:column /sdl /Od /D _DEBUG /D _CONSOLE /D _UNICODE /D UNICODE /Gm- /EHsc /RTC1 /MDd /GS /fp:precise /Zc:wchar_t /Zc:forScope /Zc:inline /permissive- /Fo"x64\Debug\\" /Fd"x64\Debug\vc143.pdb" /external:W3 /Gd /TC /FC /errorReport:prompt pb5m.c
         pb5m.c
       Link:
         C:\Program Files\Microsoft Visual Studio\2022\Community\VC\Tools\MSVC\14.41.34120\bin\HostX64\x64\link.exe /ERRORREPORT:PROMPT /OUT:"C:\Users\PC\Documents\mosteniri SDA\pb5mosteniri_magazin\x64\Debug\pb5mosteniri_magazin.exe" /INCREMENTAL /ILK:"x64\Debug\pb5mosteniri_magazin.ilk" /NOLOGO kernel32.lib user32.lib gdi32.lib winspool.lib comdlg32.lib advapi32.lib shell32.lib ole32.lib oleaut32.lib uuid.lib odbc32.lib odbccp32.lib /MANIFEST /MANIFESTUAC:"level='asInvoker' uiAccess='false'" /manifest:embed /DEBUG /PDB:"C:\Users\PC\Documents\mosteniri SDA\pb5mosteniri_magazin\x64\Debug\pb5mosteniri_magazin.pdb" /SUBSYSTEM:CONSOLE /TLBID:1 /DYNAMICBASE /NXCOMPAT /IMPLIB:"C:\Users\PC\Documents\mosteniri SDA\pb5mosteniri_magazin\x64\Debug\pb5mosteniri_magazin.lib" /MACHINE:X64 x64\Debug\pb5m.obj
         pb5mosteniri_magazin.vcxproj -> C:\Users\PC\Documents\mosteniri SDA\pb5mosteniri_magazin\x64\Debug\pb5mosteniri_magazin.exe
       FinalizeBuildStatus:
         Deleting file "x64\Debug\pb5moste.925620d9.tlog\unsuccessfulbuild".
         Touching "x64\Debug\pb5moste.925620d9.tlog\pb5mosteniri_magazin.lastbuildstate".
     1>Done Building Project "C:\Users\PC\Documents\mosteniri SDA\pb5mosteniri_magazin\pb5mosteniri_magazin\pb5mosteniri_magazin.vcxproj" (Build target(s)).

Build succeeded.
    0 Warning(s)
    0 Error(s)

Time Elapsed 00:00:00.76
