Build started 16.01.2025 18:24:11.
Logging verbosity is set to: Normal.     1>Project "C:\Users\PC\Documents\mosteniri SDA\pb6mosteniri_GPS\pb6mosteniri_GPS\pb6mosteniri_GPS.vcxproj" on node 2 (Build target(s)).
     1>PrepareForBuild:
         Structured output is enabled. The formatting of compiler diagnostics will reflect the error hierarchy. See https://aka.ms/cpp/structured-output for more details.
       InitializeBuildStatus:
         Creating "x64\Debug\pb6mosteniri_GPS.tlog\unsuccessfulbuild" because "AlwaysCreate" was specified.
         Touching "x64\Debug\pb6mosteniri_GPS.tlog\unsuccessfulbuild".
       ClCompile:
         C:\Program Files\Microsoft Visual Studio\2022\Community\VC\Tools\MSVC\14.41.34120\bin\HostX64\x64\CL.exe /c /ZI /JMC /nologo /W3 /WX- /diagnostics:column /sdl /Od /D _DEBUG /D _CONSOLE /D _UNICODE /D UNICODE /Gm- /EHsc /RTC1 /MDd /GS /fp:precise /Zc:wchar_t /Zc:forScope /Zc:inline /permissive- /Fo"x64\Debug\\" /Fd"x64\Debug\vc143.pdb" /external:W3 /Gd /TC /FC /errorReport:prompt pb6m.c
         pb6m.c
       Link:
         C:\Program Files\Microsoft Visual Studio\2022\Community\VC\Tools\MSVC\14.41.34120\bin\HostX64\x64\link.exe /ERRORREPORT:PROMPT /OUT:"C:\Users\PC\Documents\mosteniri SDA\pb6mosteniri_GPS\x64\Debug\pb6mosteniri_GPS.exe" /INCREMENTAL /ILK:"x64\Debug\pb6mosteniri_GPS.ilk" /NOLOGO kernel32.lib user32.lib gdi32.lib winspool.lib comdlg32.lib advapi32.lib shell32.lib ole32.lib oleaut32.lib uuid.lib odbc32.lib odbccp32.lib /MANIFEST /MANIFESTUAC:"level='asInvoker' uiAccess='false'" /manifest:embed /DEBUG /PDB:"C:\Users\PC\Documents\mosteniri SDA\pb6mosteniri_GPS\x64\Debug\pb6mosteniri_GPS.pdb" /SUBSYSTEM:CONSOLE /TLBID:1 /DYNAMICBASE /NXCOMPAT /IMPLIB:"C:\Users\PC\Documents\mosteniri SDA\pb6mosteniri_GPS\x64\Debug\pb6mosteniri_GPS.lib" /MACHINE:X64 x64\Debug\pb6m.obj
         pb6mosteniri_GPS.vcxproj -> C:\Users\PC\Documents\mosteniri SDA\pb6mosteniri_GPS\x64\Debug\pb6mosteniri_GPS.exe
       FinalizeBuildStatus:
         Deleting file "x64\Debug\pb6mosteniri_GPS.tlog\unsuccessfulbuild".
         Touching "x64\Debug\pb6mosteniri_GPS.tlog\pb6mosteniri_GPS.lastbuildstate".
     1>Done Building Project "C:\Users\PC\Documents\mosteniri SDA\pb6mosteniri_GPS\pb6mosteniri_GPS\pb6mosteniri_GPS.vcxproj" (Build target(s)).

Build succeeded.
    0 Warning(s)
    0 Error(s)

Time Elapsed 00:00:00.71
