Build started 18.01.2025 20:11:11.
Logging verbosity is set to: Normal.     1>Project "C:\Users\PC\Documents\mosteniri SDA\pb10mosteniri_Linkedin\pb10mosteniri_Linkedin\pb10mosteniri_Linkedin.vcxproj" on node 2 (Build target(s)).
     1>PrepareForBuild:
         Structured output is enabled. The formatting of compiler diagnostics will reflect the error hierarchy. See https://aka.ms/cpp/structured-output for more details.
         Creating directory "C:\Users\PC\Documents\mosteniri SDA\pb10mosteniri_Linkedin\x64\Debug\".
         Creating directory "x64\Debug\pb10most.9d7f4c2f.tlog\".
       InitializeBuildStatus:
         Creating "x64\Debug\pb10most.9d7f4c2f.tlog\unsuccessfulbuild" because "AlwaysCreate" was specified.
         Touching "x64\Debug\pb10most.9d7f4c2f.tlog\unsuccessfulbuild".
       ClCompile:
         C:\Program Files\Microsoft Visual Studio\2022\Community\VC\Tools\MSVC\14.41.34120\bin\HostX64\x64\CL.exe /c /ZI /JMC /nologo /W3 /WX- /diagnostics:column /sdl /Od /D _DEBUG /D _CONSOLE /D _UNICODE /D UNICODE /Gm- /EHsc /RTC1 /MDd /GS /fp:precise /Zc:wchar_t /Zc:forScope /Zc:inline /permissive- /Fo"x64\Debug\\" /Fd"x64\Debug\vc143.pdb" /external:W3 /Gd /TC /FC /errorReport:prompt pb10m.c
         pb10m.c
     1>C:\Users\PC\Documents\mosteniri SDA\pb10mosteniri_Linkedin\pb10mosteniri_Linkedin\pb10m.c(77,29): warning C4133: '=': incompatible types - from 'persoana *' to 'persona *'
     1>C:\Users\PC\Documents\mosteniri SDA\pb10mosteniri_Linkedin\pb10mosteniri_Linkedin\pb10m.c(90,17): warning C4133: '=': incompatible types - from 'persoana *' to 'persona *'
     1>C:\Users\PC\Documents\mosteniri SDA\pb10mosteniri_Linkedin\pb10mosteniri_Linkedin\pb10m.c(98,41): warning C4133: '=': incompatible types - from 'persona *' to 'persoana *'
     1>C:\Users\PC\Documents\mosteniri SDA\pb10mosteniri_Linkedin\pb10mosteniri_Linkedin\pb10m.c(113,44): warning C4133: '=': incompatible types - from 'persona *' to 'persoana *'
     1>C:\Users\PC\Documents\mosteniri SDA\pb10mosteniri_Linkedin\pb10mosteniri_Linkedin\pb10m.c(124,13): warning C4133: 'initializing': incompatible types - from 'persona *' to 'persoana *'
     1>C:\Users\PC\Documents\mosteniri SDA\pb10mosteniri_Linkedin\pb10mosteniri_Linkedin\pb10m.c(136,13): warning C4133: 'initializing': incompatible types - from 'persona *' to 'persoana *'
     1>C:\Users\PC\Documents\mosteniri SDA\pb10mosteniri_Linkedin\pb10mosteniri_Linkedin\pb10m.c(145,44): warning C4133: '=': incompatible types - from 'persona *' to 'persoana *'
       Link:
         C:\Program Files\Microsoft Visual Studio\2022\Community\VC\Tools\MSVC\14.41.34120\bin\HostX64\x64\link.exe /ERRORREPORT:PROMPT /OUT:"C:\Users\PC\Documents\mosteniri SDA\pb10mosteniri_Linkedin\x64\Debug\pb10mosteniri_Linkedin.exe" /INCREMENTAL /ILK:"x64\Debug\pb10mosteniri_Linkedin.ilk" /NOLOGO kernel32.lib user32.lib gdi32.lib winspool.lib comdlg32.lib advapi32.lib shell32.lib ole32.lib oleaut32.lib uuid.lib odbc32.lib odbccp32.lib /MANIFEST /MANIFESTUAC:"level='asInvoker' uiAccess='false'" /manifest:embed /DEBUG /PDB:"C:\Users\PC\Documents\mosteniri SDA\pb10mosteniri_Linkedin\x64\Debug\pb10mosteniri_Linkedin.pdb" /SUBSYSTEM:CONSOLE /TLBID:1 /DYNAMICBASE /NXCOMPAT /IMPLIB:"C:\Users\PC\Documents\mosteniri SDA\pb10mosteniri_Linkedin\x64\Debug\pb10mosteniri_Linkedin.lib" /MACHINE:X64 x64\Debug\pb10m.obj
         pb10mosteniri_Linkedin.vcxproj -> C:\Users\PC\Documents\mosteniri SDA\pb10mosteniri_Linkedin\x64\Debug\pb10mosteniri_Linkedin.exe
       FinalizeBuildStatus:
         Deleting file "x64\Debug\pb10most.9d7f4c2f.tlog\unsuccessfulbuild".
         Touching "x64\Debug\pb10most.9d7f4c2f.tlog\pb10mosteniri_Linkedin.lastbuildstate".
     1>Done Building Project "C:\Users\PC\Documents\mosteniri SDA\pb10mosteniri_Linkedin\pb10mosteniri_Linkedin\pb10mosteniri_Linkedin.vcxproj" (Build target(s)).

Build succeeded.

       "C:\Users\PC\Documents\mosteniri SDA\pb10mosteniri_Linkedin\pb10mosteniri_Linkedin\pb10mosteniri_Linkedin.vcxproj" (Build target) (1) ->
       (ClCompile target) -> 
         C:\Users\PC\Documents\mosteniri SDA\pb10mosteniri_Linkedin\pb10mosteniri_Linkedin\pb10m.c(77,29): warning C4133: '=': incompatible types - from 'persoana *' to 'persona *'
         C:\Users\PC\Documents\mosteniri SDA\pb10mosteniri_Linkedin\pb10mosteniri_Linkedin\pb10m.c(90,17): warning C4133: '=': incompatible types - from 'persoana *' to 'persona *'
         C:\Users\PC\Documents\mosteniri SDA\pb10mosteniri_Linkedin\pb10mosteniri_Linkedin\pb10m.c(98,41): warning C4133: '=': incompatible types - from 'persona *' to 'persoana *'
         C:\Users\PC\Documents\mosteniri SDA\pb10mosteniri_Linkedin\pb10mosteniri_Linkedin\pb10m.c(113,44): warning C4133: '=': incompatible types - from 'persona *' to 'persoana *'
         C:\Users\PC\Documents\mosteniri SDA\pb10mosteniri_Linkedin\pb10mosteniri_Linkedin\pb10m.c(124,13): warning C4133: 'initializing': incompatible types - from 'persona *' to 'persoana *'
         C:\Users\PC\Documents\mosteniri SDA\pb10mosteniri_Linkedin\pb10mosteniri_Linkedin\pb10m.c(136,13): warning C4133: 'initializing': incompatible types - from 'persona *' to 'persoana *'
         C:\Users\PC\Documents\mosteniri SDA\pb10mosteniri_Linkedin\pb10mosteniri_Linkedin\pb10m.c(145,44): warning C4133: '=': incompatible types - from 'persona *' to 'persoana *'

    7 Warning(s)
    0 Error(s)

Time Elapsed 00:00:01.96
